{
  "file": "/home/choice/Documents/vani/golang-assesment/main.go:34",
  "func": "main.init.0",
  "level": "debug",
  "msg": "Current Time: 2025-01-24 00:21:02.268594203 +0530 IST m=+0.004876965",
  "time": "2025-01-24 00:21:02"
}
{
  "file": "/home/choice/Documents/vani/golang-assesment/main.go:35",
  "func": "main.init.0",
  "level": "debug",
  "msg": "logFileName: 2025-01-24.log",
  "time": "2025-01-24 00:21:02"
}
[GIN-debug] [WARNING] Creating an Engine instance with the Logger and Recovery middleware already attached.

[GIN-debug] [WARNING] Running in "debug" mode. Switch to "release" mode in production.
 - using env:	export GIN_MODE=release
 - using code:	gin.SetMode(gin.ReleaseMode)

[GIN-debug] GET    /public/tasklist          --> golang-assesment/Controllers.GetTaskList (3 handlers)
[GIN-debug] POST   /public/login             --> golang-assesment/Controllers.LoginAuth (3 handlers)
[GIN-debug] GET    /protected/tasks          --> golang-assesment/Controllers.GetTask (5 handlers)
[GIN-debug] POST   /protected/create-task    --> golang-assesment/Controllers.CreateTask (5 handlers)
[GIN-debug] PUT    /protected/tasks/:id      --> golang-assesment/Controllers.UpdateTask (5 handlers)
[GIN-debug] DELETE /protected/tasks/:id      --> golang-assesment/Controllers.DeleteTask (5 handlers)
{
  "file": "/home/choice/Documents/vani/golang-assesment/main.go:34",
  "func": "main.init.0",
  "level": "debug",
  "msg": "Current Time: 2025-01-24 00:21:45.242113912 +0530 IST m=+0.004779701",
  "time": "2025-01-24 00:21:45"
}
{
  "file": "/home/choice/Documents/vani/golang-assesment/main.go:35",
  "func": "main.init.0",
  "level": "debug",
  "msg": "logFileName: 2025-01-24.log",
  "time": "2025-01-24 00:21:45"
}
[GIN-debug] [WARNING] Creating an Engine instance with the Logger and Recovery middleware already attached.

[GIN-debug] [WARNING] Running in "debug" mode. Switch to "release" mode in production.
 - using env:	export GIN_MODE=release
 - using code:	gin.SetMode(gin.ReleaseMode)

[GIN-debug] GET    /public/tasklist          --> golang-assesment/Controllers.GetTaskList (3 handlers)
[GIN-debug] POST   /public/login             --> golang-assesment/Controllers.LoginAuth (3 handlers)
[GIN-debug] GET    /protected/tasks          --> golang-assesment/Controllers.GetTask (5 handlers)
[GIN-debug] POST   /protected/create-task    --> golang-assesment/Controllers.CreateTask (5 handlers)
[GIN-debug] PUT    /protected/tasks/:id      --> golang-assesment/Controllers.UpdateTask (5 handlers)
[GIN-debug] DELETE /protected/tasks/:id      --> golang-assesment/Controllers.DeleteTask (5 handlers)
[GIN-debug] [WARNING] You trusted all proxies, this is NOT safe. We recommend you to set a value.
Please check https://pkg.go.dev/github.com/gin-gonic/gin#readme-don-t-trust-all-proxies for details.
[GIN-debug] Listening and serving HTTP on :9000
{
  "file": "/home/choice/Documents/vani/golang-assesment/Middleware/Auth.go:44",
  "func": "golang-assesment/Middleware.JWTTokenGenerate",
  "level": "info",
  "msg": "1 @JWTTokenGenerate Token Signed succesfully:",
  "time": "2025-01-24 00:21:45"
}
{
  "file": "/home/choice/Documents/vani/golang-assesment/Controllers/TaskManagmnt.go:186",
  "func": "golang-assesment/Controllers.LoginAuth",
  "level": "info",
  "msg": "1  @DeleteTask Task deleted successfully",
  "time": "2025-01-24 00:21:45"
}
[GIN] 2025/01/24 - 00:21:45 | 200 |    5.995832ms |       127.0.0.1 | POST     "/public/login"
{
  "file": "/home/choice/Documents/vani/golang-assesment/Middleware/Auth.go:44",
  "func": "golang-assesment/Middleware.JWTTokenGenerate",
  "level": "info",
  "msg": "1 @JWTTokenGenerate Token Signed succesfully:",
  "time": "2025-01-24 00:21:45"
}
{
  "file": "/home/choice/Documents/vani/golang-assesment/Controllers/TaskManagmnt.go:186",
  "func": "golang-assesment/Controllers.LoginAuth",
  "level": "info",
  "msg": "1  @DeleteTask Task deleted successfully",
  "time": "2025-01-24 00:21:45"
}
[GIN] 2025/01/24 - 00:21:45 | 200 |     914.708µs |       127.0.0.1 | POST     "/public/login"
{
  "file": "/home/choice/Documents/vani/golang-assesment/Middleware/Auth.go:44",
  "func": "golang-assesment/Middleware.JWTTokenGenerate",
  "level": "info",
  "msg": "1 @JWTTokenGenerate Token Signed succesfully:",
  "time": "2025-01-24 00:21:45"
}
{
  "file": "/home/choice/Documents/vani/golang-assesment/Controllers/TaskManagmnt.go:186",
  "func": "golang-assesment/Controllers.LoginAuth",
  "level": "info",
  "msg": "1  @DeleteTask Task deleted successfully",
  "time": "2025-01-24 00:21:45"
}
[GIN] 2025/01/24 - 00:21:45 | 200 |     885.415µs |       127.0.0.1 | POST     "/public/login"
[GIN] 2025/01/24 - 00:21:57 | 200 |    4.412591ms |       127.0.0.1 | GET      "/public/tasklist?page=1&limit=2"
[GIN] 2025/01/24 - 00:22:03 | 200 |    2.706362ms |       127.0.0.1 | GET      "/public/tasklist?page=1&limit=2"
[GIN] 2025/01/24 - 00:22:07 | 401 |      79.037µs |       127.0.0.1 | GET      "/protected/tasks?id=11"
{
  "file": "/home/choice/Documents/vani/golang-assesment/Controllers/TaskManagmnt.go:105",
  "func": "golang-assesment/Controllers.FetchTaskFromDB",
  "level": "error",
  "msg": "11  @GetTask 0 records fetch while fetch from DB:",
  "time": "2025-01-24 00:22:24"
}
{
  "file": "/home/choice/Documents/vani/golang-assesment/Controllers/TaskManagmnt.go:72",
  "func": "golang-assesment/Controllers.GetTask",
  "level": "info",
  "msg": "11  @GetTask Retrive task successfully",
  "time": "2025-01-24 00:22:24"
}
[GIN] 2025/01/24 - 00:22:24 | 200 |     2.21593ms |       127.0.0.1 | GET      "/protected/tasks?id=11"
[GIN] 2025/01/24 - 00:23:11 | 401 |      76.368µs |       127.0.0.1 | POST     "/protected/create-task"
[GIN] 2025/01/24 - 00:23:12 | 401 |       53.27µs |       127.0.0.1 | POST     "/protected/create-task"
{
  "file": "/home/choice/Documents/vani/golang-assesment/Controllers/TaskManagmnt.go:92",
  "func": "golang-assesment/Controllers.CreateTask",
  "level": "info",
  "msg": "20  @CreateTask Task created successfully",
  "time": "2025-01-24 00:23:17"
}
[GIN] 2025/01/24 - 00:23:17 | 200 |   11.783946ms |       127.0.0.1 | POST     "/protected/create-task"
{
  "file": "/home/choice/Documents/vani/golang-assesment/Controllers/TaskManagmnt.go:156",
  "func": "golang-assesment/Controllers.DeleteTask",
  "level": "info",
  "msg": "17  @DeleteTask Task deleted successfully",
  "time": "2025-01-24 00:23:49"
}
[GIN] 2025/01/24 - 00:23:49 | 200 |    6.262681ms |       127.0.0.1 | DELETE   "/protected/tasks/17"
{
  "file": "/home/choice/Documents/vani/golang-assesment/Controllers/TaskManagmnt.go:156",
  "func": "golang-assesment/Controllers.DeleteTask",
  "level": "info",
  "msg": "17  @DeleteTask Task deleted successfully",
  "time": "2025-01-24 00:23:51"
}
[GIN] 2025/01/24 - 00:23:51 | 200 |     826.258µs |       127.0.0.1 | DELETE   "/protected/tasks/17"
{
  "file": "/home/choice/Documents/vani/golang-assesment/Controllers/TaskManagmnt.go:105",
  "func": "golang-assesment/Controllers.FetchTaskFromDB",
  "level": "error",
  "msg": "12  @GetTask 0 records fetch while fetch from DB:",
  "time": "2025-01-24 00:24:22"
}
{
  "file": "/home/choice/Documents/vani/golang-assesment/Controllers/TaskManagmnt.go:145",
  "func": "golang-assesment/Controllers.UpdateTask",
  "level": "info",
  "msg": "0  @UpdateTask Task Updated successfully",
  "time": "2025-01-24 00:24:22"
}
[GIN] 2025/01/24 - 00:24:22 | 200 |    9.612313ms |       127.0.0.1 | PUT      "/protected/tasks/12"
{
  "file": "/home/choice/Documents/vani/golang-assesment/Controllers/TaskManagmnt.go:105",
  "func": "golang-assesment/Controllers.FetchTaskFromDB",
  "level": "error",
  "msg": "12  @GetTask 0 records fetch while fetch from DB:",
  "time": "2025-01-24 00:24:24"
}
{
  "file": "/home/choice/Documents/vani/golang-assesment/Controllers/TaskManagmnt.go:140",
  "func": "golang-assesment/Controllers.UpdateTask",
  "level": "error",
  "msg": "0 @UpdateTask 0 record affected while update into DB  , taskUpdate.RowsAffected  :0",
  "time": "2025-01-24 00:24:24"
}
[GIN] 2025/01/24 - 00:24:24 | 422 |    1.515513ms |       127.0.0.1 | PUT      "/protected/tasks/12"
{
  "file": "/home/choice/Documents/vani/golang-assesment/Controllers/TaskManagmnt.go:105",
  "func": "golang-assesment/Controllers.FetchTaskFromDB",
  "level": "error",
  "msg": "12  @GetTask 0 records fetch while fetch from DB:",
  "time": "2025-01-24 00:24:52"
}
{
  "file": "/home/choice/Documents/vani/golang-assesment/Controllers/TaskManagmnt.go:145",
  "func": "golang-assesment/Controllers.UpdateTask",
  "level": "info",
  "msg": "0  @UpdateTask Task Updated successfully",
  "time": "2025-01-24 00:24:52"
}
[GIN] 2025/01/24 - 00:24:52 | 200 |    5.285203ms |       127.0.0.1 | PUT      "/protected/tasks/12"
{
  "file": "/home/choice/Documents/vani/golang-assesment/main.go:34",
  "func": "main.init.0",
  "level": "debug",
  "msg": "Current Time: 2025-01-24 00:25:37.211843178 +0530 IST m=+0.006297867",
  "time": "2025-01-24 00:25:37"
}
{
  "file": "/home/choice/Documents/vani/golang-assesment/main.go:35",
  "func": "main.init.0",
  "level": "debug",
  "msg": "logFileName: 2025-01-24.log",
  "time": "2025-01-24 00:25:37"
}
[GIN-debug] [WARNING] Creating an Engine instance with the Logger and Recovery middleware already attached.

[GIN-debug] [WARNING] Running in "debug" mode. Switch to "release" mode in production.
 - using env:	export GIN_MODE=release
 - using code:	gin.SetMode(gin.ReleaseMode)

[GIN-debug] GET    /public/tasklist          --> golang-assesment/Controllers.GetTaskList (3 handlers)
[GIN-debug] POST   /public/login             --> golang-assesment/Controllers.LoginAuth (3 handlers)
[GIN-debug] GET    /protected/tasks          --> golang-assesment/Controllers.GetTask (5 handlers)
[GIN-debug] POST   /protected/create-task    --> golang-assesment/Controllers.CreateTask (5 handlers)
[GIN-debug] PUT    /protected/tasks/:id      --> golang-assesment/Controllers.UpdateTask (5 handlers)
[GIN-debug] DELETE /protected/tasks/:id      --> golang-assesment/Controllers.DeleteTask (5 handlers)
[GIN-debug] [WARNING] You trusted all proxies, this is NOT safe. We recommend you to set a value.
Please check https://pkg.go.dev/github.com/gin-gonic/gin#readme-don-t-trust-all-proxies for details.
[GIN-debug] Listening and serving HTTP on :9000
{
  "file": "/home/choice/Documents/vani/golang-assesment/Controllers/TaskManagmnt.go:92",
  "func": "golang-assesment/Controllers.CreateTask",
  "level": "info",
  "msg": "21  @CreateTask Task created successfully",
  "time": "2025-01-24 00:26:01"
}
[GIN] 2025/01/24 - 00:26:01 | 200 |    9.411717ms |       127.0.0.1 | POST     "/protected/create-task"
{
  "file": "/home/choice/Documents/vani/golang-assesment/main.go:34",
  "func": "main.init.0",
  "level": "debug",
  "msg": "Current Time: 2025-01-24 00:26:26.522992191 +0530 IST m=+0.005940779",
  "time": "2025-01-24 00:26:26"
}
{
  "file": "/home/choice/Documents/vani/golang-assesment/main.go:35",
  "func": "main.init.0",
  "level": "debug",
  "msg": "logFileName: 2025-01-24.log",
  "time": "2025-01-24 00:26:26"
}
[GIN-debug] [WARNING] Creating an Engine instance with the Logger and Recovery middleware already attached.

[GIN-debug] [WARNING] Running in "debug" mode. Switch to "release" mode in production.
 - using env:	export GIN_MODE=release
 - using code:	gin.SetMode(gin.ReleaseMode)

[GIN-debug] GET    /public/tasklist          --> golang-assesment/Controllers.GetTaskList (3 handlers)
[GIN-debug] POST   /public/login             --> golang-assesment/Controllers.LoginAuth (3 handlers)
[GIN-debug] GET    /protected/tasks          --> golang-assesment/Controllers.GetTask (5 handlers)
[GIN-debug] POST   /protected/create-task    --> golang-assesment/Controllers.CreateTask (5 handlers)
[GIN-debug] PUT    /protected/tasks/:id      --> golang-assesment/Controllers.UpdateTask (5 handlers)
[GIN-debug] DELETE /protected/tasks/:id      --> golang-assesment/Controllers.DeleteTask (5 handlers)
[GIN-debug] [WARNING] You trusted all proxies, this is NOT safe. We recommend you to set a value.
Please check https://pkg.go.dev/github.com/gin-gonic/gin#readme-don-t-trust-all-proxies for details.
[GIN-debug] Listening and serving HTTP on :9000
{
  "file": "/home/choice/Documents/vani/golang-assesment/Controllers/TaskManagmnt.go:105",
  "func": "golang-assesment/Controllers.FetchTaskFromDB",
  "level": "error",
  "msg": "12  @GetTask 0 records fetch while fetch from DB:",
  "time": "2025-01-24 00:27:05"
}
{
  "file": "/home/choice/Documents/vani/golang-assesment/Controllers/TaskManagmnt.go:145",
  "func": "golang-assesment/Controllers.UpdateTask",
  "level": "info",
  "msg": "0  @UpdateTask Task Updated successfully",
  "time": "2025-01-24 00:27:05"
}
[GIN] 2025/01/24 - 00:27:05 | 200 |   12.325734ms |       127.0.0.1 | PUT      "/protected/tasks/12"
